1614861762524	geckodriver	INFO	Listening on 127.0.0.1:51290
1614861763125	mozrunner::runner	INFO	Running command: "/Applications/Firefox.app/Contents/MacOS/firefox-bin" "--marionette" "-headless" "--window-size=1920x1080" "-foreground" "-no-remote" "-profile" "/var/folders/t2/w9898ty911q1c72wf3vz4r_h0000gn/T/rust_mozprofilehiVYbH"
*** You are running in headless mode.
console.warn: SearchSettings: "get: No settings file exists, new profile?" (new Error("", "(unknown module)"))
1614861765620	Marionette	INFO	Listening on port 51302
1614861765696	Marionette	WARN	TLS certificate errors will be ignored for this session
1614861765704	Marionette	ERROR	[19] No reply from Marionette:Register
console.warn: SearchSettings: "get: No settings file exists, new profile?" (new Error("", "(unknown module)"))
1614861767040	Marionette	INFO	Stopped listening on port 51302

###!!! [Parent][RunMessage] Error: Channel closing: too late to send/recv, messages will be lost

1614861868804	geckodriver	INFO	Listening on 127.0.0.1:51399
1614861869817	mozrunner::runner	INFO	Running command: "/Applications/Firefox.app/Contents/MacOS/firefox-bin" "--marionette" "-headless" "--window-size=1920x1080" "-foreground" "-no-remote" "-profile" "/var/folders/t2/w9898ty911q1c72wf3vz4r_h0000gn/T/rust_mozprofileq0uO1d"
*** You are running in headless mode.
console.warn: SearchSettings: "get: No settings file exists, new profile?" (new Error("", "(unknown module)"))
console.warn: SearchSettings: "get: No settings file exists, new profile?" (new Error("", "(unknown module)"))
1614861872135	Marionette	INFO	Listening on port 51410
1614861872190	Marionette	WARN	TLS certificate errors will be ignored for this session
1614861872198	Marionette	ERROR	[19] No reply from Marionette:Register
1614861873518	Marionette	INFO	Stopped listening on port 51410
1614862011355	geckodriver	INFO	Listening on 127.0.0.1:51764
1614862012293	mozrunner::runner	INFO	Running command: "/Applications/Firefox.app/Contents/MacOS/firefox-bin" "--marionette" "-headless" "--window-size=1920x1080" "-foreground" "-no-remote" "-profile" "/var/folders/t2/w9898ty911q1c72wf3vz4r_h0000gn/T/rust_mozprofiletabuwZ"
*** You are running in headless mode.
console.warn: SearchSettings: "get: No settings file exists, new profile?" (new Error("", "(unknown module)"))
1614862014419	Marionette	INFO	Listening on port 51775
1614862014491	Marionette	WARN	TLS certificate errors will be ignored for this session
1614862014501	Marionette	ERROR	[19] No reply from Marionette:Register
console.warn: SearchSettings: "get: No settings file exists, new profile?" (new Error("", "(unknown module)"))
1614862015836	Marionette	INFO	Stopped listening on port 51775
1614862163933	geckodriver	INFO	Listening on 127.0.0.1:52103
1614862164936	mozrunner::runner	INFO	Running command: "/Applications/Firefox.app/Contents/MacOS/firefox-bin" "--marionette" "-headless" "--window-size=1920x1080" "-foreground" "-no-remote" "-profile" "/var/folders/t2/w9898ty911q1c72wf3vz4r_h0000gn/T/rust_mozprofileWluKHO"
*** You are running in headless mode.
console.warn: SearchSettings: "get: No settings file exists, new profile?" (new Error("", "(unknown module)"))
console.warn: SearchSettings: "get: No settings file exists, new profile?" (new Error("", "(unknown module)"))
1614862167425	Marionette	INFO	Listening on port 52120
1614862167504	Marionette	WARN	TLS certificate errors will be ignored for this session
1614862167512	Marionette	ERROR	[19] No reply from Marionette:Register
1614862168493	Marionette	INFO	Stopped listening on port 52120
JavaScript error: resource://gre/modules/UrlClassifierListManager.jsm, line 691: TypeError: this.tablesData[table] is undefined
1614862199841	geckodriver	INFO	Listening on 127.0.0.1:52242
1614862200851	mozrunner::runner	INFO	Running command: "/Applications/Firefox.app/Contents/MacOS/firefox-bin" "--marionette" "-headless" "--window-size=1920x1080" "-foreground" "-no-remote" "-profile" "/var/folders/t2/w9898ty911q1c72wf3vz4r_h0000gn/T/rust_mozprofilecPnUWy"
*** You are running in headless mode.
console.warn: SearchSettings: "get: No settings file exists, new profile?" (new Error("", "(unknown module)"))
console.warn: SearchSettings: "get: No settings file exists, new profile?" (new Error("", "(unknown module)"))
1614862203155	Marionette	INFO	Listening on port 52255
1614862203223	Marionette	WARN	TLS certificate errors will be ignored for this session
1614862203231	Marionette	ERROR	[19] No reply from Marionette:Register
1614862204565	Marionette	INFO	Stopped listening on port 52255
1614862209870	geckodriver	INFO	Listening on 127.0.0.1:52335
1614862210878	mozrunner::runner	INFO	Running command: "/Applications/Firefox.app/Contents/MacOS/firefox-bin" "--marionette" "-headless" "--window-size=1920x1080" "-foreground" "-no-remote" "-profile" "/var/folders/t2/w9898ty911q1c72wf3vz4r_h0000gn/T/rust_mozprofilegfymnL"
*** You are running in headless mode.
console.warn: SearchSettings: "get: No settings file exists, new profile?" (new Error("", "(unknown module)"))
console.warn: SearchSettings: "get: No settings file exists, new profile?" (new Error("", "(unknown module)"))
1614862213100	Marionette	INFO	Listening on port 52346
1614862213169	Marionette	WARN	TLS certificate errors will be ignored for this session
1614862213179	Marionette	ERROR	[19] No reply from Marionette:Register
1614862214514	Marionette	INFO	Stopped listening on port 52346
1614862218170	geckodriver	INFO	Listening on 127.0.0.1:52424
1614862219183	mozrunner::runner	INFO	Running command: "/Applications/Firefox.app/Contents/MacOS/firefox-bin" "--marionette" "-headless" "--window-size=1920x1080" "-foreground" "-no-remote" "-profile" "/var/folders/t2/w9898ty911q1c72wf3vz4r_h0000gn/T/rust_mozprofileSd3DG7"
*** You are running in headless mode.
console.warn: SearchSettings: "get: No settings file exists, new profile?" (new Error("", "(unknown module)"))
console.warn: SearchSettings: "get: No settings file exists, new profile?" (new Error("", "(unknown module)"))
1614862221908	Marionette	INFO	Listening on port 52436
1614862221953	Marionette	WARN	TLS certificate errors will be ignored for this session
1614862221964	Marionette	ERROR	[19] No reply from Marionette:Register
1614862223280	Marionette	INFO	Stopped listening on port 52436

###!!! [Parent][RunMessage] Error: Channel closing: too late to send/recv, messages will be lost

1614862238158	geckodriver	INFO	Listening on 127.0.0.1:52530
1614862239168	mozrunner::runner	INFO	Running command: "/Applications/Firefox.app/Contents/MacOS/firefox-bin" "--marionette" "-headless" "--window-size=1920x1080" "-foreground" "-no-remote" "-profile" "/var/folders/t2/w9898ty911q1c72wf3vz4r_h0000gn/T/rust_mozprofilePKYat7"
*** You are running in headless mode.
console.warn: SearchSettings: "get: No settings file exists, new profile?" (new Error("", "(unknown module)"))
1614862241338	Marionette	INFO	Listening on port 52542
console.warn: SearchSettings: "get: No settings file exists, new profile?" (new Error("", "(unknown module)"))
1614862241439	Marionette	WARN	TLS certificate errors will be ignored for this session
1614862241448	Marionette	ERROR	[19] No reply from Marionette:Register
1614862242780	Marionette	INFO	Stopped listening on port 52542
1614862270618	geckodriver	INFO	Listening on 127.0.0.1:52636
1614862271627	mozrunner::runner	INFO	Running command: "/Applications/Firefox.app/Contents/MacOS/firefox-bin" "--marionette" "-headless" "--window-size=1920x1080" "-foreground" "-no-remote" "-profile" "/var/folders/t2/w9898ty911q1c72wf3vz4r_h0000gn/T/rust_mozprofilePL4u8z"
*** You are running in headless mode.
console.warn: SearchSettings: "get: No settings file exists, new profile?" (new Error("", "(unknown module)"))
console.warn: SearchSettings: "get: No settings file exists, new profile?" (new Error("", "(unknown module)"))
1614862273948	Marionette	INFO	Listening on port 52647
1614862273987	Marionette	WARN	TLS certificate errors will be ignored for this session
1614862273994	Marionette	ERROR	[19] No reply from Marionette:Register
1614862275316	Marionette	INFO	Stopped listening on port 52647
1614862371753	geckodriver	INFO	Listening on 127.0.0.1:52746
1614862372772	mozrunner::runner	INFO	Running command: "/Applications/Firefox.app/Contents/MacOS/firefox-bin" "--marionette" "-headless" "--window-size=1920x1080" "-foreground" "-no-remote" "-profile" "/var/folders/t2/w9898ty911q1c72wf3vz4r_h0000gn/T/rust_mozprofilePCdFzM"
*** You are running in headless mode.
console.warn: SearchSettings: "get: No settings file exists, new profile?" (new Error("", "(unknown module)"))
1614862374891	Marionette	INFO	Listening on port 52757
1614862374941	Marionette	WARN	TLS certificate errors will be ignored for this session
1614862374956	Marionette	ERROR	[19] No reply from Marionette:Register
console.warn: SearchSettings: "get: No settings file exists, new profile?" (new Error("", "(unknown module)"))
1614862376305	Marionette	INFO	Stopped listening on port 52757
1614862432106	geckodriver	INFO	Listening on 127.0.0.1:52841
1614862433113	mozrunner::runner	INFO	Running command: "/Applications/Firefox.app/Contents/MacOS/firefox-bin" "--marionette" "-headless" "--window-size=1920x1080" "-foreground" "-no-remote" "-profile" "/var/folders/t2/w9898ty911q1c72wf3vz4r_h0000gn/T/rust_mozprofilePzpUMw"
*** You are running in headless mode.
console.warn: SearchSettings: "get: No settings file exists, new profile?" (new Error("", "(unknown module)"))
console.warn: SearchSettings: "get: No settings file exists, new profile?" (new Error("", "(unknown module)"))
1614862435352	Marionette	INFO	Listening on port 52852
1614862435463	Marionette	WARN	TLS certificate errors will be ignored for this session
1614862435470	Marionette	ERROR	[19] No reply from Marionette:Register
1614862466948	Marionette	INFO	Stopped listening on port 52852
1614862482433	geckodriver	INFO	Listening on 127.0.0.1:52935
1614862483451	mozrunner::runner	INFO	Running command: "/Applications/Firefox.app/Contents/MacOS/firefox-bin" "--marionette" "-headless" "--window-size=1920x1080" "-foreground" "-no-remote" "-profile" "/var/folders/t2/w9898ty911q1c72wf3vz4r_h0000gn/T/rust_mozprofileJQP7gU"
*** You are running in headless mode.
console.warn: SearchSettings: "get: No settings file exists, new profile?" (new Error("", "(unknown module)"))
1614862485546	Marionette	INFO	Listening on port 52946
console.warn: SearchSettings: "get: No settings file exists, new profile?" (new Error("", "(unknown module)"))
1614862485615	Marionette	WARN	TLS certificate errors will be ignored for this session
1614862485623	Marionette	ERROR	[19] No reply from Marionette:Register
1614862486454	Marionette	INFO	Stopped listening on port 52946
JavaScript error: resource://gre/modules/UrlClassifierListManager.jsm, line 691: TypeError: this.tablesData[table] is undefined
1614862527358	geckodriver	INFO	Listening on 127.0.0.1:53038
1614862528375	mozrunner::runner	INFO	Running command: "/Applications/Firefox.app/Contents/MacOS/firefox-bin" "--marionette" "-headless" "--window-size=1920x1080" "-foreground" "-no-remote" "-profile" "/var/folders/t2/w9898ty911q1c72wf3vz4r_h0000gn/T/rust_mozprofileo1p2kG"
*** You are running in headless mode.
console.warn: SearchSettings: "get: No settings file exists, new profile?" (new Error("", "(unknown module)"))
console.warn: SearchSettings: "get: No settings file exists, new profile?" (new Error("", "(unknown module)"))
1614862530638	Marionette	INFO	Listening on port 53049
1614862530734	Marionette	WARN	TLS certificate errors will be ignored for this session
1614862530741	Marionette	ERROR	[19] No reply from Marionette:Register
1614862532077	Marionette	INFO	Stopped listening on port 53049
1614862993037	geckodriver	INFO	Listening on 127.0.0.1:53401
1614862994064	mozrunner::runner	INFO	Running command: "/Applications/Firefox.app/Contents/MacOS/firefox-bin" "--marionette" "-headless" "--window-size=1920x1080" "-foreground" "-no-remote" "-profile" "/var/folders/t2/w9898ty911q1c72wf3vz4r_h0000gn/T/rust_mozprofileQ716Ji"
*** You are running in headless mode.
console.warn: SearchSettings: "get: No settings file exists, new profile?" (new Error("", "(unknown module)"))
console.warn: SearchSettings: "get: No settings file exists, new profile?" (new Error("", "(unknown module)"))
1614862998032	Marionette	INFO	Listening on port 53412
1614862998158	Marionette	WARN	TLS certificate errors will be ignored for this session
1614862998169	Marionette	ERROR	[19] No reply from Marionette:Register
JavaScript error: resource://gre/actors/AutoCompleteChild.jsm, line 125: Error: Invalid autocomplete selectedIndex
1614862999654	Marionette	INFO	Stopped listening on port 53412
1614863433428	geckodriver	INFO	Listening on 127.0.0.1:53557
1614863434449	mozrunner::runner	INFO	Running command: "/Applications/Firefox.app/Contents/MacOS/firefox-bin" "--marionette" "-headless" "--window-size=1920x1080" "-foreground" "-no-remote" "-profile" "/var/folders/t2/w9898ty911q1c72wf3vz4r_h0000gn/T/rust_mozprofileFGKN1T"
*** You are running in headless mode.
console.warn: SearchSettings: "get: No settings file exists, new profile?" (new Error("", "(unknown module)"))
console.warn: SearchSettings: "get: No settings file exists, new profile?" (new Error("", "(unknown module)"))
1614863438216	Marionette	INFO	Listening on port 53568
1614863438259	Marionette	WARN	TLS certificate errors will be ignored for this session
1614863438271	Marionette	ERROR	[19] No reply from Marionette:Register
JavaScript error: resource://gre/actors/AutoCompleteChild.jsm, line 125: Error: Invalid autocomplete selectedIndex
1614863439792	Marionette	INFO	Stopped listening on port 53568
1614863454960	geckodriver	INFO	Listening on 127.0.0.1:53665
1614863455976	mozrunner::runner	INFO	Running command: "/Applications/Firefox.app/Contents/MacOS/firefox-bin" "--marionette" "-headless" "--window-size=1920x1080" "-foreground" "-no-remote" "-profile" "/var/folders/t2/w9898ty911q1c72wf3vz4r_h0000gn/T/rust_mozprofilehEHPl8"
*** You are running in headless mode.
console.warn: SearchSettings: "get: No settings file exists, new profile?" (new Error("", "(unknown module)"))
console.warn: SearchSettings: "get: No settings file exists, new profile?" (new Error("", "(unknown module)"))
1614863459731	Marionette	INFO	Listening on port 53676
1614863459786	Marionette	WARN	TLS certificate errors will be ignored for this session
1614863459797	Marionette	ERROR	[19] No reply from Marionette:Register
JavaScript error: resource://gre/actors/AutoCompleteChild.jsm, line 125: Error: Invalid autocomplete selectedIndex
1614863462314	Marionette	INFO	Stopped listening on port 53676
1614863501080	geckodriver	INFO	Listening on 127.0.0.1:53768
1614863502096	mozrunner::runner	INFO	Running command: "/Applications/Firefox.app/Contents/MacOS/firefox-bin" "--marionette" "-headless" "--window-size=1920x1080" "-foreground" "-no-remote" "-profile" "/var/folders/t2/w9898ty911q1c72wf3vz4r_h0000gn/T/rust_mozprofile0mMDIf"
*** You are running in headless mode.
console.warn: SearchSettings: "get: No settings file exists, new profile?" (new Error("", "(unknown module)"))
console.warn: SearchSettings: "get: No settings file exists, new profile?" (new Error("", "(unknown module)"))
1614863505830	Marionette	INFO	Listening on port 53779
1614863505915	Marionette	WARN	TLS certificate errors will be ignored for this session
1614863505926	Marionette	ERROR	[19] No reply from Marionette:Register
JavaScript error: resource://gre/actors/AutoCompleteChild.jsm, line 125: Error: Invalid autocomplete selectedIndex
1614863508447	Marionette	INFO	Stopped listening on port 53779
1614863518414	geckodriver	INFO	Listening on 127.0.0.1:53871
1614863519431	mozrunner::runner	INFO	Running command: "/Applications/Firefox.app/Contents/MacOS/firefox-bin" "--marionette" "-headless" "--window-size=1920x1080" "-foreground" "-no-remote" "-profile" "/var/folders/t2/w9898ty911q1c72wf3vz4r_h0000gn/T/rust_mozprofilenm6PDP"
*** You are running in headless mode.
console.warn: SearchSettings: "get: No settings file exists, new profile?" (new Error("", "(unknown module)"))
console.warn: SearchSettings: "get: No settings file exists, new profile?" (new Error("", "(unknown module)"))
1614863523178	Marionette	INFO	Listening on port 53882
1614863523228	Marionette	WARN	TLS certificate errors will be ignored for this session
1614863523240	Marionette	ERROR	[19] No reply from Marionette:Register
JavaScript error: resource://gre/actors/AutoCompleteChild.jsm, line 125: Error: Invalid autocomplete selectedIndex
1614863524745	Marionette	INFO	Stopped listening on port 53882
1614863587398	geckodriver	INFO	Listening on 127.0.0.1:53976
1614863588417	mozrunner::runner	INFO	Running command: "/Applications/Firefox.app/Contents/MacOS/firefox-bin" "--marionette" "-headless" "--window-size=1920x1080" "-foreground" "-no-remote" "-profile" "/var/folders/t2/w9898ty911q1c72wf3vz4r_h0000gn/T/rust_mozprofilechPXH7"
*** You are running in headless mode.
console.warn: SearchSettings: "get: No settings file exists, new profile?" (new Error("", "(unknown module)"))
console.warn: SearchSettings: "get: No settings file exists, new profile?" (new Error("", "(unknown module)"))
1614863592122	Marionette	INFO	Listening on port 53987
1614863592206	Marionette	WARN	TLS certificate errors will be ignored for this session
1614863592216	Marionette	ERROR	[19] No reply from Marionette:Register
JavaScript error: resource://gre/actors/AutoCompleteChild.jsm, line 125: Error: Invalid autocomplete selectedIndex
1614863594709	Marionette	INFO	Stopped listening on port 53987
1614865203422	geckodriver	INFO	Listening on 127.0.0.1:54242
1614865204435	mozrunner::runner	INFO	Running command: "/Applications/Firefox.app/Contents/MacOS/firefox-bin" "--marionette" "-headless" "--window-size=1920x1080" "-foreground" "-no-remote" "-profile" "/var/folders/t2/w9898ty911q1c72wf3vz4r_h0000gn/T/rust_mozprofileRrTI5s"
*** You are running in headless mode.
console.warn: SearchSettings: "get: No settings file exists, new profile?" (new Error("", "(unknown module)"))
console.warn: SearchSettings: "get: No settings file exists, new profile?" (new Error("", "(unknown module)"))
1614865206707	Marionette	INFO	Listening on port 54253
1614865206785	Marionette	WARN	TLS certificate errors will be ignored for this session
1614865206793	Marionette	ERROR	[19] No reply from Marionette:Register
JavaScript error: resource://gre/actors/AutoCompleteChild.jsm, line 125: Error: Invalid autocomplete selectedIndex
1614865207619	Marionette	INFO	Stopped listening on port 54253
1614865320396	geckodriver	INFO	Listening on 127.0.0.1:54366
1614865321403	mozrunner::runner	INFO	Running command: "/Applications/Firefox.app/Contents/MacOS/firefox-bin" "--marionette" "-headless" "--window-size=1920x1080" "-foreground" "-no-remote" "-profile" "/var/folders/t2/w9898ty911q1c72wf3vz4r_h0000gn/T/rust_mozprofile1lbJlI"
*** You are running in headless mode.
console.warn: SearchSettings: "get: No settings file exists, new profile?" (new Error("", "(unknown module)"))
1614865323590	Marionette	INFO	Listening on port 54377
1614865323664	Marionette	WARN	TLS certificate errors will be ignored for this session
1614865323673	Marionette	ERROR	[19] No reply from Marionette:Register
console.warn: SearchSettings: "get: No settings file exists, new profile?" (new Error("", "(unknown module)"))
JavaScript error: resource://gre/actors/AutoCompleteChild.jsm, line 125: Error: Invalid autocomplete selectedIndex
1614865324981	Marionette	INFO	Stopped listening on port 54377
1614865422953	geckodriver	INFO	Listening on 127.0.0.1:54458
1614865423968	mozrunner::runner	INFO	Running command: "/Applications/Firefox.app/Contents/MacOS/firefox-bin" "--marionette" "-headless" "--window-size=1920x1080" "-foreground" "-no-remote" "-profile" "/var/folders/t2/w9898ty911q1c72wf3vz4r_h0000gn/T/rust_mozprofileigTM6N"
*** You are running in headless mode.
console.warn: SearchSettings: "get: No settings file exists, new profile?" (new Error("", "(unknown module)"))
1614865426157	Marionette	INFO	Listening on port 54469
1614865426238	Marionette	WARN	TLS certificate errors will be ignored for this session
1614865426245	Marionette	ERROR	[19] No reply from Marionette:Register
console.warn: SearchSettings: "get: No settings file exists, new profile?" (new Error("", "(unknown module)"))
JavaScript error: resource://gre/actors/AutoCompleteChild.jsm, line 125: Error: Invalid autocomplete selectedIndex
1614865427647	Marionette	INFO	Stopped listening on port 54469
1614865444523	geckodriver	INFO	Listening on 127.0.0.1:54544
1614865445539	mozrunner::runner	INFO	Running command: "/Applications/Firefox.app/Contents/MacOS/firefox-bin" "--marionette" "-headless" "--window-size=1920x1080" "-foreground" "-no-remote" "-profile" "/var/folders/t2/w9898ty911q1c72wf3vz4r_h0000gn/T/rust_mozprofileU9T9Vw"
*** You are running in headless mode.
console.warn: SearchSettings: "get: No settings file exists, new profile?" (new Error("", "(unknown module)"))
1614865447752	Marionette	INFO	Listening on port 54555
1614865447807	Marionette	WARN	TLS certificate errors will be ignored for this session
1614865447816	Marionette	ERROR	[19] No reply from Marionette:Register
console.warn: SearchSettings: "get: No settings file exists, new profile?" (new Error("", "(unknown module)"))
JavaScript error: resource://gre/actors/AutoCompleteChild.jsm, line 125: Error: Invalid autocomplete selectedIndex
1614865448644	Marionette	INFO	Stopped listening on port 54555
JavaScript error: resource://gre/modules/UrlClassifierListManager.jsm, line 691: TypeError: this.tablesData[table] is undefined
1614865493299	geckodriver	INFO	Listening on 127.0.0.1:54715
1614865494307	mozrunner::runner	INFO	Running command: "/Applications/Firefox.app/Contents/MacOS/firefox-bin" "--marionette" "-headless" "--window-size=1920x1080" "-foreground" "-no-remote" "-profile" "/var/folders/t2/w9898ty911q1c72wf3vz4r_h0000gn/T/rust_mozprofilekenhnf"
*** You are running in headless mode.
console.warn: SearchSettings: "get: No settings file exists, new profile?" (new Error("", "(unknown module)"))
1614865496361	Marionette	INFO	Listening on port 54726
1614865496452	Marionette	WARN	TLS certificate errors will be ignored for this session
1614865496458	Marionette	ERROR	[19] No reply from Marionette:Register
console.warn: SearchSettings: "get: No settings file exists, new profile?" (new Error("", "(unknown module)"))
JavaScript error: resource://gre/actors/AutoCompleteChild.jsm, line 125: Error: Invalid autocomplete selectedIndex
1614865497844	Marionette	INFO	Stopped listening on port 54726
1614865542716	geckodriver	INFO	Listening on 127.0.0.1:54802
1614865543730	mozrunner::runner	INFO	Running command: "/Applications/Firefox.app/Contents/MacOS/firefox-bin" "--marionette" "-headless" "--window-size=1920x1080" "-foreground" "-no-remote" "-profile" "/var/folders/t2/w9898ty911q1c72wf3vz4r_h0000gn/T/rust_mozprofileqjimwT"
*** You are running in headless mode.
console.warn: SearchSettings: "get: No settings file exists, new profile?" (new Error("", "(unknown module)"))
1614865545832	Marionette	INFO	Listening on port 54813
1614865545892	Marionette	WARN	TLS certificate errors will be ignored for this session
1614865545903	Marionette	ERROR	[19] No reply from Marionette:Register
console.warn: SearchSettings: "get: No settings file exists, new profile?" (new Error("", "(unknown module)"))
JavaScript error: resource://gre/actors/AutoCompleteChild.jsm, line 125: Error: Invalid autocomplete selectedIndex
1614865576981	Marionette	INFO	Stopped listening on port 54813
1614865595284	geckodriver	INFO	Listening on 127.0.0.1:54893
1614865596292	mozrunner::runner	INFO	Running command: "/Applications/Firefox.app/Contents/MacOS/firefox-bin" "--marionette" "-headless" "--window-size=1920x1080" "-foreground" "-no-remote" "-profile" "/var/folders/t2/w9898ty911q1c72wf3vz4r_h0000gn/T/rust_mozprofilesaDezo"
*** You are running in headless mode.
console.warn: SearchSettings: "get: No settings file exists, new profile?" (new Error("", "(unknown module)"))
1614865598425	Marionette	INFO	Listening on port 54904
1614865598449	Marionette	WARN	TLS certificate errors will be ignored for this session
1614865598456	Marionette	ERROR	[19] No reply from Marionette:Register
console.warn: SearchSettings: "get: No settings file exists, new profile?" (new Error("", "(unknown module)"))
JavaScript error: resource://gre/actors/AutoCompleteChild.jsm, line 125: Error: Invalid autocomplete selectedIndex
1614865629437	Marionette	INFO	Stopped listening on port 54904
1614865652058	geckodriver	INFO	Listening on 127.0.0.1:54986
1614865653077	mozrunner::runner	INFO	Running command: "/Applications/Firefox.app/Contents/MacOS/firefox-bin" "--marionette" "-headless" "--window-size=1920x1080" "-foreground" "-no-remote" "-profile" "/var/folders/t2/w9898ty911q1c72wf3vz4r_h0000gn/T/rust_mozprofileBKa51P"
*** You are running in headless mode.
console.warn: SearchSettings: "get: No settings file exists, new profile?" (new Error("", "(unknown module)"))
1614865655083	Marionette	INFO	Listening on port 54999
1614865655126	Marionette	WARN	TLS certificate errors will be ignored for this session
1614865655133	Marionette	ERROR	[19] No reply from Marionette:Register
console.warn: SearchSettings: "get: No settings file exists, new profile?" (new Error("", "(unknown module)"))
JavaScript error: resource://gre/actors/AutoCompleteChild.jsm, line 125: Error: Invalid autocomplete selectedIndex
Exiting due to channel error.
Exiting due to channel error.
Exiting due to channel error.
1614865692058	geckodriver	INFO	Listening on 127.0.0.1:55076
1614865693069	mozrunner::runner	INFO	Running command: "/Applications/Firefox.app/Contents/MacOS/firefox-bin" "--marionette" "-headless" "--window-size=1920x1080" "-foreground" "-no-remote" "-profile" "/var/folders/t2/w9898ty911q1c72wf3vz4r_h0000gn/T/rust_mozprofilehOepyt"
*** You are running in headless mode.
console.warn: SearchSettings: "get: No settings file exists, new profile?" (new Error("", "(unknown module)"))
1614865695307	Marionette	INFO	Listening on port 55087
console.warn: SearchSettings: "get: No settings file exists, new profile?" (new Error("", "(unknown module)"))
1614865695418	Marionette	WARN	TLS certificate errors will be ignored for this session
1614865695424	Marionette	ERROR	[19] No reply from Marionette:Register
JavaScript error: resource://gre/actors/AutoCompleteChild.jsm, line 125: Error: Invalid autocomplete selectedIndex
1614865726563	Marionette	INFO	Stopped listening on port 55087
1614865745711	geckodriver	INFO	Listening on 127.0.0.1:55167
1614865746722	mozrunner::runner	INFO	Running command: "/Applications/Firefox.app/Contents/MacOS/firefox-bin" "--marionette" "-headless" "--window-size=1920x1080" "-foreground" "-no-remote" "-profile" "/var/folders/t2/w9898ty911q1c72wf3vz4r_h0000gn/T/rust_mozprofilei0Lmup"
*** You are running in headless mode.
console.warn: SearchSettings: "get: No settings file exists, new profile?" (new Error("", "(unknown module)"))
1614865748767	Marionette	INFO	Listening on port 55178
1614865748881	Marionette	WARN	TLS certificate errors will be ignored for this session
1614865748887	Marionette	ERROR	[19] No reply from Marionette:Register
console.warn: SearchSettings: "get: No settings file exists, new profile?" (new Error("", "(unknown module)"))
JavaScript error: resource://gre/actors/AutoCompleteChild.jsm, line 125: Error: Invalid autocomplete selectedIndex
1614865749826	Marionette	INFO	Stopped listening on port 55178
1614865758781	geckodriver	INFO	Listening on 127.0.0.1:55256
1614865759795	mozrunner::runner	INFO	Running command: "/Applications/Firefox.app/Contents/MacOS/firefox-bin" "--marionette" "-headless" "--window-size=1920x1080" "-foreground" "-no-remote" "-profile" "/var/folders/t2/w9898ty911q1c72wf3vz4r_h0000gn/T/rust_mozprofileRatuxN"
*** You are running in headless mode.
console.warn: SearchSettings: "get: No settings file exists, new profile?" (new Error("", "(unknown module)"))
1614865761894	Marionette	INFO	Listening on port 55267
1614865761956	Marionette	WARN	TLS certificate errors will be ignored for this session
1614865761964	Marionette	ERROR	[19] No reply from Marionette:Register
console.warn: SearchSettings: "get: No settings file exists, new profile?" (new Error("", "(unknown module)"))
JavaScript error: resource://gre/actors/AutoCompleteChild.jsm, line 125: Error: Invalid autocomplete selectedIndex
1614865792969	Marionette	INFO	Stopped listening on port 55267
1614865826651	geckodriver	INFO	Listening on 127.0.0.1:55351
1614865827664	mozrunner::runner	INFO	Running command: "/Applications/Firefox.app/Contents/MacOS/firefox-bin" "--marionette" "-headless" "--window-size=1920x1080" "-foreground" "-no-remote" "-profile" "/var/folders/t2/w9898ty911q1c72wf3vz4r_h0000gn/T/rust_mozprofileBmZk4M"
*** You are running in headless mode.
console.warn: SearchSettings: "get: No settings file exists, new profile?" (new Error("", "(unknown module)"))
1614865829847	Marionette	INFO	Listening on port 55362
console.warn: SearchSettings: "get: No settings file exists, new profile?" (new Error("", "(unknown module)"))
1614865829931	Marionette	WARN	TLS certificate errors will be ignored for this session
1614865829938	Marionette	ERROR	[19] No reply from Marionette:Register
JavaScript error: resource://gre/actors/AutoCompleteChild.jsm, line 125: Error: Invalid autocomplete selectedIndex
1614865831012	Marionette	INFO	Stopped listening on port 55362
1614865914775	geckodriver	INFO	Listening on 127.0.0.1:55448
1614865915794	mozrunner::runner	INFO	Running command: "/Applications/Firefox.app/Contents/MacOS/firefox-bin" "--marionette" "-headless" "--window-size=1920x1080" "-foreground" "-no-remote" "-profile" "/var/folders/t2/w9898ty911q1c72wf3vz4r_h0000gn/T/rust_mozprofilePLFdCN"
*** You are running in headless mode.
console.warn: SearchSettings: "get: No settings file exists, new profile?" (new Error("", "(unknown module)"))
1614865917977	Marionette	INFO	Listening on port 55459
1614865918044	Marionette	WARN	TLS certificate errors will be ignored for this session
1614865918052	Marionette	ERROR	[19] No reply from Marionette:Register
console.warn: SearchSettings: "get: No settings file exists, new profile?" (new Error("", "(unknown module)"))
JavaScript error: resource://gre/actors/AutoCompleteChild.jsm, line 125: Error: Invalid autocomplete selectedIndex
1614865919419	Marionette	INFO	Stopped listening on port 55459
1614865951746	geckodriver	INFO	Listening on 127.0.0.1:55551
1614865952761	mozrunner::runner	INFO	Running command: "/Applications/Firefox.app/Contents/MacOS/firefox-bin" "--marionette" "-headless" "--window-size=1920x1080" "-foreground" "-no-remote" "-profile" "/var/folders/t2/w9898ty911q1c72wf3vz4r_h0000gn/T/rust_mozprofilejIw97Y"
*** You are running in headless mode.
console.warn: SearchSettings: "get: No settings file exists, new profile?" (new Error("", "(unknown module)"))
1614865954929	Marionette	INFO	Listening on port 55563
console.warn: SearchSettings: "get: No settings file exists, new profile?" (new Error("", "(unknown module)"))
1614865955013	Marionette	WARN	TLS certificate errors will be ignored for this session
1614865955020	Marionette	ERROR	[19] No reply from Marionette:Register
JavaScript error: resource://gre/actors/AutoCompleteChild.jsm, line 125: Error: Invalid autocomplete selectedIndex
1614865956481	Marionette	INFO	Stopped listening on port 55563
1614866194818	geckodriver	INFO	Listening on 127.0.0.1:55728
1614866195828	mozrunner::runner	INFO	Running command: "/Applications/Firefox.app/Contents/MacOS/firefox-bin" "--marionette" "-headless" "--window-size=1920x1080" "-foreground" "-no-remote" "-profile" "/var/folders/t2/w9898ty911q1c72wf3vz4r_h0000gn/T/rust_mozprofile11SvNm"
*** You are running in headless mode.
console.warn: SearchSettings: "get: No settings file exists, new profile?" (new Error("", "(unknown module)"))
1614866197922	Marionette	INFO	Listening on port 55739
1614866197973	Marionette	WARN	TLS certificate errors will be ignored for this session
1614866197981	Marionette	ERROR	[19] No reply from Marionette:Register
console.warn: SearchSettings: "get: No settings file exists, new profile?" (new Error("", "(unknown module)"))
JavaScript error: resource://gre/actors/AutoCompleteChild.jsm, line 125: Error: Invalid autocomplete selectedIndex
1614866199427	Marionette	INFO	Stopped listening on port 55739
1614866841397	geckodriver	INFO	Listening on 127.0.0.1:55895
1614866842402	mozrunner::runner	INFO	Running command: "/Applications/Firefox.app/Contents/MacOS/firefox-bin" "--marionette" "-headless" "--window-size=1920x1080" "-foreground" "-no-remote" "-profile" "/var/folders/t2/w9898ty911q1c72wf3vz4r_h0000gn/T/rust_mozprofilehX7B4I"
*** You are running in headless mode.
console.warn: SearchSettings: "get: No settings file exists, new profile?" (new Error("", "(unknown module)"))
1614866844680	Marionette	INFO	Listening on port 55906
console.warn: SearchSettings: "get: No settings file exists, new profile?" (new Error("", "(unknown module)"))
1614866844766	Marionette	WARN	TLS certificate errors will be ignored for this session
1614866844774	Marionette	ERROR	[19] No reply from Marionette:Register
JavaScript error: resource://gre/actors/AutoCompleteChild.jsm, line 125: Error: Invalid autocomplete selectedIndex
1614866846109	Marionette	INFO	Stopped listening on port 55906
1614875994518	geckodriver	INFO	Listening on 127.0.0.1:62609
1614875995526	mozrunner::runner	INFO	Running command: "/Applications/Firefox.app/Contents/MacOS/firefox-bin" "--marionette" "-headless" "--window-size=1920x1080" "-foreground" "-no-remote" "-profile" "/var/folders/t2/w9898ty911q1c72wf3vz4r_h0000gn/T/rust_mozprofilekmteSP"
*** You are running in headless mode.
console.warn: SearchSettings: "get: No settings file exists, new profile?" (new Error("", "(unknown module)"))
1614875997950	Marionette	INFO	Listening on port 62620
1614875998017	Marionette	WARN	TLS certificate errors will be ignored for this session
1614875998026	Marionette	ERROR	[19] No reply from Marionette:Register
console.warn: SearchSettings: "get: No settings file exists, new profile?" (new Error("", "(unknown module)"))
JavaScript error: resource://gre/actors/AutoCompleteChild.jsm, line 125: Error: Invalid autocomplete selectedIndex
1614875999334	Marionette	INFO	Stopped listening on port 62620
